apps/android/app/build/outputs/mapping/release/configuration.txt
# The proguard configuration file for the following section is release/processReleaseResources/aapt_rules.txt
-keep class androidx.core.app.CoreComponentFactory { <init>(); }
-keep class androidx.profileinstaller.ProfileInstallReceiver { <init>(); }
-keep class androidx.startup.InitializationProvider { <init>(); }
-keep class com.google.android.gms.common.api.GoogleApiActivity { <init>(); }
-keep class com.mizibu.retfast.MainActivity { <init>(); }
-keep class com.mizibu.retfast.RetfastApplication { <init>(); }
-keep class com.mizibu.retfast.tracking.TrackingService { <init>(); }
-keep class androidx.browser.browseractions.BrowserActionsFallbackMenuView { <init>(android.content.Context, android.util.AttributeSet); }


# End of content from release/processReleaseResources/aapt_rules.txt
# The proguard configuration file for the following section is default_proguard_files/global/proguard-android-optimize.txt-8.13.2
# This is a configuration file for ProGuard.
# http://proguard.sourceforge.net/index.html#manual/usage.html
#
# Starting with version 2.2 of the Android plugin for Gradle, this file is distributed together with
# the plugin and unpacked at build-time. The files in $ANDROID_HOME are no longer maintained and
# will be ignored by new version of the Android plugin for Gradle.

# Optimizations: If you don't want to optimize, use the proguard-android.txt configuration file
# instead of this one, which turns off the optimization flags.
-allowaccessmodification

# Preserve some attributes that may be required for reflection.
-keepattributes AnnotationDefault,
                EnclosingMethod,
                InnerClasses,
                RuntimeVisibleAnnotations,
                RuntimeVisibleParameterAnnotations,
                RuntimeVisibleTypeAnnotations,
                Signature

-keep public class com.google.vending.licensing.ILicensingService
-keep public class com.android.vending.licensing.ILicensingService
-keep public class com.google.android.vending.licensing.ILicensingService
-dontnote com.android.vending.licensing.ILicensingService
-dontnote com.google.vending.licensing.ILicensingService
-dontnote com.google.android.vending.licensing.ILicensingService

# For native methods, see https://www.guardsquare.com/manual/configuration/examples#native
-keepclasseswithmembernames,includedescriptorclasses class * {
    native <methods>;
}

# Keep setters in Views so that animations can still work.
-keepclassmembers public class * extends android.view.View {
    void set*(***);
    *** get*();
}

# We want to keep methods in Activity that could be used in the XML attribute onClick.
-keepclassmembers class * extends android.app.Activity {
    public void *(android.view.View);
}

# For enumeration classes, see https://www.guardsquare.com/manual/configuration/examples#enumerations
-keepclassmembers enum * {
    public static **[] values();
    public static ** valueOf(java.lang.String);
}

-keepclassmembers class * implements android.os.Parcelable {
    public static final ** CREATOR;
}

# Preserve annotated Javascript interface methods.
-keepclassmembers class * {
    @android.webkit.JavascriptInterface <methods>;
}

# The support libraries contains references to newer platform versions.
# Don't warn about those in case this app is linking against an older
# platform version. We know about them, and they are safe.
-dontnote android.support.**
-dontnote androidx.**
-dontwarn android.support.**
-dontwarn androidx.**

# Understand the @Keep support annotation.
-keep class android.support.annotation.Keep

-keep @android.support.annotation.Keep class * {*;}

-keepclasseswithmembers class * {
    @android.support.annotation.Keep <methods>;
}

-keepclasseswithmembers class * {
    @android.support.annotation.Keep <fields>;
}

-keepclasseswithmembers class * {
    @android.support.annotation.Keep <init>(...);
}

# These classes are duplicated between android.jar and org.apache.http.legacy.jar.
-dontnote org.apache.http.**
-dontnote android.net.http.**

# These classes are duplicated between android.jar and core-lambda-stubs.jar.
-dontnote java.lang.invoke.**

# End of content from default_proguard_files/global/proguard-android-optimize.txt-8.13.2
# The proguard configuration file for the following section is android/app/proguard-rules.pro
# kotlinx.serialization keeps its generated serializers via reflection on the
# companion; without these the Supabase models fail to decode at runtime.
-keepattributes *Annotation*, InnerClasses, Signature, RuntimeVisible*Annotations, EnclosingMethod
-dontnote kotlinx.serialization.**

-keepclassmembers class kotlinx.serialization.json.** {
    *** Companion;
}
-keepclasseswithmembers class kotlinx.serialization.json.** {
    kotlinx.serialization.KSerializer serializer(...);
}

-keep,includedescriptorclasses class com.mizibu.retfast.**$$serializer { *; }
-keepclassmembers class com.mizibu.retfast.** {
    *** Companion;
    *** INSTANCE;
    kotlinx.serialization.KSerializer serializer(...);
}
-keepclasseswithmembers class com.mizibu.retfast.** {
    kotlinx.serialization.KSerializer serializer(...);
}

# Ktor / OkHttp
-dontwarn org.slf4j.**
-dontwarn kotlinx.coroutines.**
-dontwarn io.ktor.**
-keep class io.ktor.client.engine.okhttp.** { *; }

# End of content from android/app/proguard-rules.pro
# The proguard configuration file for the following section is transformed/play-services-base-18.5.0/proguard.txt
# b/35135904 Ensure that proguard will not strip the mResultGuardian.
-keepclassmembers class com.google.android.gms.common.api.internal.BasePendingResult {
  com.google.android.gms.common.api.internal.BasePendingResult$ReleasableResultGuardian mResultGuardian;
}



# End of content from transformed/play-services-base-18.5.0/proguard.txt
# The proguard configuration file for the following section is transformed/play-services-tasks-18.2.0/proguard.txt


# End of content from transformed/play-services-tasks-18.2.0/proguard.txt
# The proguard configuration file for the following section is transformed/play-services-basement-18.4.0/proguard.txt
# Needed when building against pre-Marshmallow SDK.
-dontwarn android.security.NetworkSecurityPolicy

# Needed when building against Marshmallow SDK.
-dontwarn android.app.Notification

# Protobuf has references not on the Android boot classpath
-dontwarn sun.misc.Unsafe
-dontwarn libcore.io.Memory

# Annotations used during internal SDK shrinking.
-dontwarn com.google.android.apps.common.proguard.UsedBy*
-dontwarn com.google.android.apps.common.proguard.SideEffectFree

# Annotations referenced by the SDK but whose definitions are contained in
# non-required dependencies.
-dontwarn javax.annotation.**
-dontwarn org.checkerframework.**
-dontwarn com.google.errorprone.annotations.**
-dontwarn org.jspecify.nullness.NullMarked

# Annotations no longer exist. Suppression prevents ProGuard failures in
# SDKs which depend on earlier versions of play-services-basement.
-dontwarn com.google.android.gms.common.util.VisibleForTesting

# Proguard flags for consumers of the Google Play services SDK
# https://developers.google.com/android/guides/setup#add_google_play_services_to_your_project

# Keep SafeParcelable NULL value, needed for reflection by DowngradeableSafeParcel
-keepclassmembers public class com.google.android.gms.common.internal.safeparcel.SafeParcelable {
    public static final *** NULL;
}

# Needed for Parcelable/SafeParcelable classes & their creators to not get renamed, as they are
# found via reflection.
-keep class com.google.android.gms.common.internal.ReflectedParcelable
-keepnames class * implements com.google.android.gms.common.internal.ReflectedParcelable
-keepclassmembers class * implements android.os.Parcelable {
  public static final *** CREATOR;
}

# Keep the classes/members we need for client functionality.
-keep @interface android.support.annotation.Keep
-keep @androidx.annotation.Keep class *
-keepclasseswithmembers class * {
  @androidx.annotation.Keep <fields>;
}
-keepclasseswithmembers class * {
  @androidx.annotation.Keep <methods>;
}

# Keep androidX equivalent of above android.support to allow Jetification.
-keep @interface androidx.annotation.Keep
-keep @androidx.annotation.Keep class *
-keepclasseswithmembers class * {
  @androidx.annotation.Keep <fields>;
}
-keepclasseswithmembers class * {
  @androidx.annotation.Keep <methods>;
}

# Keep the names of classes/members we need for client functionality.
-keep @interface com.google.android.gms.common.annotation.KeepName
-keepnames @com.google.android.gms.common.annotation.KeepName class *
-keepclassmembernames class * {
  @com.google.android.gms.common.annotation.KeepName *;
}

# Keep Dynamite API entry points
-keep @interface com.google.android.gms.common.util.DynamiteApi
-keep @com.google.android.gms.common.util.DynamiteApi public class * {
  public <fields>;
  public <methods>;
}



# End of content from transformed/play-services-basement-18.4.0/proguard.txt
# The proguard configuration file for the following section is transformed/navigation-common-2.8.5/proguard.txt
# Copyright (C) 2019 The Android Open Source Project
#
# Licensed under the Apache License, Version 2.0 (the "License");
# you may not use this file except in compliance with the License.
# You may obtain a copy of the License at
#
#      http://www.apache.org/licenses/LICENSE-2.0
#
# Unless required by applicable law or agreed to in writing, software
# distributed under the License is distributed on an "AS IS" BASIS,
# WITHOUT WARRANTIES OR CONDITIONS OF ANY KIND, either express or implied.
# See the License for the specific language governing permissions and
# limitations under the License.

# NavArgsLazy creates NavArgs instances using reflection
-if public class ** implements androidx.navigation.NavArgs
-keepclassmembers public class <1> {
    ** fromBundle(android.os.Bundle);
}

# Retain the @Navigator.Name annotation on each subclass of Navigator.
# R8 full mode only retains annotations on items matched by a -keep rule,
# hence the extra -keep rule for the subclasses of Navigator.
#
# A -keep rule for the Navigator.Name annotation class is not required
# since the annotation is referenced from the code.
-keepattributes RuntimeVisibleAnnotations
-keep,allowobfuscation,allowshrinking class * extends androidx.navigation.Navigator

# End of content from transformed/navigation-common-2.8.5/proguard.txt
# The proguard configuration file for the following section is transformed/animation-core-release/proguard.txt
# Copyright (C) 2020 The Android Open Source Project
#
# Licensed under the Apache License, Version 2.0 (the "License");
# you may not use this file except in compliance with the License.
# You may obtain a copy of the License at
#
#      http://www.apache.org/licenses/LICENSE-2.0
#
# Unless required by applicable law or agreed to in writing, software
# distributed under the License is distributed on an "AS IS" BASIS,
# WITHOUT WARRANTIES OR CONDITIONS OF ANY KIND, either express or implied.
# See the License for the specific language governing permissions and
# limitations under the License.

# Keep all the functions created to throw an exception. We don't want these functions to be
# inlined in any way, which R8 will do by default. The whole point of these functions is to
# reduce the amount of code generated at the call site.
-keepclassmembers,allowshrinking,allowobfuscation class androidx.compose.**.* {
    static void throw*Exception(...);
    static void throw*ExceptionForNullCheck(...);
    # For methods returning Nothing
    static java.lang.Void throw*Exception(...);
    static java.lang.Void throw*ExceptionForNullCheck(...);
}

# End of content from transformed/animation-core-release/proguard.txt
# The proguard configuration file for the following section is transformed/material-ripple-release/proguard.txt
# Intentionally empty proguard rules to indicate this library is safe to shrink

# End of content from transformed/material-ripple-release/proguard.txt
# The proguard configuration file for the following section is transformed/animation-release/proguard.txt
# Intentionally empty proguard rules to indicate this library is safe to shrink

# End of content from transformed/animation-release/proguard.txt
# The proguard configuration file for the following section is transformed/foundation-layout-release/proguard.txt
# Copyright (C) 2020 The Android Open Source Project
#
# Licensed under the Apache License, Version 2.0 (the "License");
# you may not use this file except in compliance with the License.
# You may obtain a copy of the License at
#
#      http://www.apache.org/licenses/LICENSE-2.0
#
# Unless required by applicable law or agreed to in writing, software
# distributed under the License is distributed on an "AS IS" BASIS,
# WITHOUT WARRANTIES OR CONDITIONS OF ANY KIND, either express or implied.
# See the License for the specific language governing permissions and
# limitations under the License.

# Keep all the functions created to throw an exception. We don't want these functions to be
# inlined in any way, which R8 will do by default. The whole point of these functions is to
# reduce the amount of code generated at the call site.
-keepclassmembers,allowshrinking,allowobfuscation class androidx.compose.**.* {
    static void throw*Exception(...);
    static void throw*ExceptionForNullCheck(...);
    # For methods returning Nothing
    static java.lang.Void throw*Exception(...);
    static java.lang.Void throw*ExceptionForNullCheck(...);
}

# End of content from transformed/foundation-layout-release/proguard.txt
# The proguard configuration file for the following section is transformed/foundation-release/proguard.txt
# Copyright (C) 2020 The Android Open Source Project
#
# Licensed under the Apache License, Version 2.0 (the "License");
# you may not use this file except in compliance with the License.
# You may obtain a copy of the License at
#
#      http://www.apache.org/licenses/LICENSE-2.0
#
# Unless required by applicable law or agreed to in writing, software
# distributed under the License is distributed on an "AS IS" BASIS,
# WITHOUT WARRANTIES OR CONDITIONS OF ANY KIND, either express or implied.
# See the License for the specific language governing permissions and
# limitations under the License.

# Keep all the functions created to throw an exception. We don't want these functions to be
# inlined in any way, which R8 will do by default. The whole point of these functions is to
# reduce the amount of code generated at the call site.
-keepclassmembers,allowshrinking,allowobfuscation class androidx.compose.**.* {
    static void throw*Exception(...);
    # For methods returning Nothing
    static java.lang.Void throw*Exception(...);
}


# End of content from transformed/foundation-release/proguard.txt
# The proguard configuration file for the following section is transformed/ui-unit-release/proguard.txt
# Copyright (C) 2020 The Android Open Source Project
#
# Licensed under the Apache License, Version 2.0 (the "License");
# you may not use this file except in compliance with the License.
# You may obtain a copy of the License at
#
#      http://www.apache.org/licenses/LICENSE-2.0
#
# Unless required by applicable law or agreed to in writing, software
# distributed under the License is distributed on an "AS IS" BASIS,
# WITHOUT WARRANTIES OR CONDITIONS OF ANY KIND, either express or implied.
# See the License for the specific language governing permissions and
# limitations under the License.

# Keep all the functions created to throw an exception. We don't want these functions to be
# inlined in any way, which R8 will do by default. The whole point of these functions is to
# reduce the amount of code generated at the call site.
-keepclassmembers,allowshrinking,allowobfuscation class androidx.compose.**.* {
    static void throw*Exception(...);
    static void throw*ExceptionForNullCheck(...);
    # For methods returning Nothing
    static java.lang.Void throw*Exception(...);
    static java.lang.Void throw*ExceptionForNullCheck(...);
}

# End of content from transformed/ui-unit-release/proguard.txt
# The proguard configuration file for the following section is transformed/ui-geometry-release/proguard.txt
# Intentionally empty proguard rules to indicate this library is safe to shrink

# End of content from transformed/ui-geometry-release/proguard.txt
# The proguard configuration file for the following section is transformed/ui-util-release/proguard.txt
# Copyright (C) 2020 The Android Open Source Project
#
# Licensed under the Apache License, Version 2.0 (the "License");
# you may not use this file except in compliance with the License.
# You may obtain a copy of the License at
#
#      http://www.apache.org/licenses/LICENSE-2.0
#
# Unless required by applicable law or agreed to in writing, software
# distributed under the License is distributed on an "AS IS" BASIS,
# WITHOUT WARRANTIES OR CONDITIONS OF ANY KIND, either express or implied.
# See the License for the specific language governing permissions and
# limitations under the License.

# Keep all the functions created to throw an exception. We don't want these functions to be
# inlined in any way, which R8 will do by default. The whole point of these functions is to
# reduce the amount of code generated at the call site.
-keepclassmembers,allowshrinking,allowobfuscation class androidx.compose.**.* {
    static void throw*Exception(...);
    static void throw*ExceptionForNullCheck(...);
    # For methods returning Nothing
    static java.lang.Void throw*Exception(...);
    static java.lang.Void throw*ExceptionForNullCheck(...);
}

# End of content from transformed/ui-util-release/proguard.txt
# The proguard configuration file for the following section is transformed/ui-graphics-release/proguard.txt
# Copyright (C) 2020 The Android Open Source Project
#
# Licensed under the Apache License, Version 2.0 (the "License");
# you may not use this file except in compliance with the License.
# You may obtain a copy of the License at
#
#      http://www.apache.org/licenses/LICENSE-2.0
#
# Unless required by applicable law or agreed to in writing, software
# distributed under the License is distributed on an "AS IS" BASIS,
# WITHOUT WARRANTIES OR CONDITIONS OF ANY KIND, either express or implied.
# See the License for the specific language governing permissions and
# limitations under the License.

# Keep all the functions created to throw an exception. We don't want these functions to be
# inlined in any way, which R8 will do by default. The whole point of these functions is to
# reduce the amount of code generated at the call site.
-keepclassmembers,allowshrinking,allowobfuscation class androidx.compose.**.* {
    static void throw*Exception(...);
    static void throw*ExceptionForNullCheck(...);
    # For methods returning Nothing
    static java.lang.Void throw*Exception(...);
    static java.lang.Void throw*ExceptionForNullCheck(...);
}

# End of content from transformed/ui-graphics-release/proguard.txt
# The proguard configuration file for the following section is transformed/ui-text-release/proguard.txt
# Copyright (C) 2020 The Android Open Source Project
#
# Licensed under the Apache License, Version 2.0 (the "License");
# you may not use this file except in compliance with the License.
# You may obtain a copy of the License at
#
#      http://www.apache.org/licenses/LICENSE-2.0
#
# Unless required by applicable law or agreed to in writing, software
# distributed under the License is distributed on an "AS IS" BASIS,
# WITHOUT WARRANTIES OR CONDITIONS OF ANY KIND, either express or implied.
# See the License for the specific language governing permissions and
# limitations under the License.

# Keep all the functions created to throw an exception. We don't want these functions to be
# inlined in any way, which R8 will do by default. The whole point of these functions is to