apps/android/app/build/outputs/mapping/release/seeds.txt
com.mizibu.retfast.auth.AuthViewModel
com.mizibu.retfast.events.EventsViewModel
com.mizibu.retfast.core.RetrievalAssignmentRow
com.mizibu.retfast.core.Profile$Companion
com.mizibu.retfast.core.EventRow$$serializer
com.mizibu.retfast.core.RetrievalRequestRow$Companion
com.mizibu.retfast.RetfastApplication
com.mizibu.retfast.tracking.TrackingService
com.mizibu.retfast.core.EmergencyRef
com.mizibu.retfast.core.RetrievalAssignmentRow$$serializer
com.mizibu.retfast.core.TaskRow
com.mizibu.retfast.core.RetrieverProfileRow$Companion
com.mizibu.retfast.core.RetrievalAssignmentRow$Companion
com.mizibu.retfast.core.EmergencyRef$Companion
com.mizibu.retfast.core.Membership$$serializer
com.mizibu.retfast.core.EmergencyRef$$serializer
com.mizibu.retfast.core.RetrieverSession$$serializer
com.mizibu.retfast.core.EventRow$Companion
com.mizibu.retfast.core.NameRow$Companion
com.mizibu.retfast.core.TaskRow$$serializer
com.mizibu.retfast.core.RetrieverProfileRow$$serializer
com.mizibu.retfast.core.Membership$Companion
com.mizibu.retfast.core.NameRow$$serializer
com.mizibu.retfast.core.GeoZone$$serializer
com.mizibu.retfast.core.Profile
com.mizibu.retfast.core.NearbyRetriever
com.mizibu.retfast.core.NameRow
com.mizibu.retfast.core.NearbyRetriever$$serializer
com.mizibu.retfast.core.Membership
com.mizibu.retfast.core.RetrieverProfileRow
com.mizibu.retfast.core.RetrieverSession
com.mizibu.retfast.core.GeoZone$Companion
com.mizibu.retfast.core.RetrievalRequestRow$$serializer
com.mizibu.retfast.core.RetrievalRequestRow
com.mizibu.retfast.core.Profile$$serializer
com.mizibu.retfast.core.EventRow
com.mizibu.retfast.MainActivity
com.mizibu.retfast.core.NearbyRetriever$Companion
com.mizibu.retfast.core.TaskRow$Companion
com.mizibu.retfast.core.RetrieverSession$Companion
com.mizibu.retfast.core.GeoZone
com.mizibu.retfast.pilot.ComposableSingletons$PilotScreenKt$lambda$-1945667351$1: com.mizibu.retfast.pilot.ComposableSingletons$PilotScreenKt$lambda$-1945667351$1 INSTANCE
com.mizibu.retfast.core.NameRow$$serializer: int $stable
com.mizibu.retfast.ComposableSingletons$MainActivityKt$lambda$-1487026869$1: com.mizibu.retfast.ComposableSingletons$MainActivityKt$lambda$-1487026869$1 INSTANCE
com.mizibu.retfast.pilot.ComposableSingletons$PilotScreenKt$lambda$-491226789$1: com.mizibu.retfast.pilot.ComposableSingletons$PilotScreenKt$lambda$-491226789$1 INSTANCE
com.mizibu.retfast.core.EventRow$$serializer: kotlinx.serialization.descriptors.SerialDescriptor descriptor
com.mizibu.retfast.ComposableSingletons$MainActivityKt$lambda$996285848$1: com.mizibu.retfast.ComposableSingletons$MainActivityKt$lambda$996285848$1 INSTANCE
com.mizibu.retfast.tracking.SyncEngine: com.mizibu.retfast.tracking.SyncEngine INSTANCE
com.mizibu.retfast.pilot.ComposableSingletons$PilotScreenKt: com.mizibu.retfast.pilot.ComposableSingletons$PilotScreenKt INSTANCE
com.mizibu.retfast.MainActivityKt$EventsList$lambda$42$lambda$41$$inlined$items$default$1: com.mizibu.retfast.MainActivityKt$EventsList$lambda$42$lambda$41$$inlined$items$default$1 INSTANCE
com.mizibu.retfast.core.NearbyRetriever: com.mizibu.retfast.core.NearbyRetriever$Companion Companion
com.mizibu.retfast.core.EmergencyRef$$serializer: com.mizibu.retfast.core.EmergencyRef$$serializer INSTANCE
com.mizibu.retfast.core.RetrieverProfileRow$$serializer: com.mizibu.retfast.core.RetrieverProfileRow$$serializer INSTANCE
com.mizibu.retfast.ComposableSingletons$MainActivityKt$lambda$522296445$1: com.mizibu.retfast.ComposableSingletons$MainActivityKt$lambda$522296445$1 INSTANCE
com.mizibu.retfast.core.EventRow$$serializer: int $stable
com.mizibu.retfast.core.RetrievalRequestRow: com.mizibu.retfast.core.RetrievalRequestRow$Companion Companion
com.mizibu.retfast.tracking.PointBuffer: com.mizibu.retfast.tracking.PointBuffer$Companion Companion
com.mizibu.retfast.tracking.TrackingService: com.mizibu.retfast.tracking.TrackingService$Companion Companion
...
kotlin.reflect.jvm.internal.impl.serialization.deserialization.builtins.BuiltInsLoaderImpl: BuiltInsLoaderImpl()
kotlin.reflect.jvm.internal.impl.resolve.OverridingUtil$OverrideCompatibilityInfo$Result: kotlin.reflect.jvm.internal.impl.resolve.OverridingUtil$OverrideCompatibilityInfo$Result[] values()
androidx.compose.ui.window.PopupLayout: void setPositionProvider(androidx.compose.ui.window.PopupPositionProvider)
kotlin.coroutines.intrinsics.CoroutineSingletons: kotlin.coroutines.intrinsics.CoroutineSingletons valueOf(java.lang.String)
androidx.core.os.LocaleListCompat$Api24Impl: android.os.LocaleList getAdjustedDefault()
androidx.lifecycle.ProcessLifecycleOwner$attach$1: void onActivityPreCreated(android.app.Activity,android.os.Bundle)
androidx.compose.runtime.ComposerKt: void composeImmediateRuntimeError(java.lang.String)
io.github.jan.supabase.auth.providers.builtin.IDToken$Config$Companion: kotlinx.serialization.KSerializer serializer()
io.ktor.client.engine.okhttp.UnsupportedFrameTypeException: java.lang.Throwable createCopy()
androidx.core.graphics.drawable.IconCompat$Api23Impl: android.graphics.drawable.Icon toIcon(androidx.core.graphics.drawable.IconCompat,android.content.Context)
androidx.compose.ui.node.LayoutNode$UsageByParent: androidx.compose.ui.node.LayoutNode$UsageByParent valueOf(java.lang.String)
androidx.compose.animation.core.AnimationEndReason: androidx.compose.animation.core.AnimationEndReason[] values()
androidx.compose.ui.input.pointer.util.VelocityTracker1D$Strategy: androidx.compose.ui.input.pointer.util.VelocityTracker1D$Strategy[] values()
androidx.core.os.LocaleListCompat$Api24Impl: android.os.LocaleList createLocaleList(java.util.Locale[])
androidx.core.app.NotificationCompatBuilder$Api26Impl: android.app.Notification$Builder setBadgeIconType(android.app.Notification$Builder,int)
io.ktor.client.engine.okhttp.OkHttpEngine: java.util.Set getSupportedCapabilities()
androidx.core.app.NotificationCompatBuilder$Api26Impl: android.app.Notification$Builder setShortcutId(android.app.Notification$Builder,java.lang.String)
androidx.compose.foundation.layout.Direction: androidx.compose.foundation.layout.Direction[] values()
androidx.compose.ui.platform.ViewLayer: void setInvalidated(boolean)
androidx.compose.ui.platform.ComposeView: void setContent(kotlin.jvm.functions.Function2)
androidx.compose.ui.text.input.TextInputServiceAndroid$TextInputCommand: androidx.compose.ui.text.input.TextInputServiceAndroid$TextInputCommand valueOf(java.lang.String)
androidx.core.view.ViewCompat$Api28Impl: java.lang.CharSequence getAccessibilityPaneTitle(android.view.View)
io.ktor.client.engine.okhttp.OkHttpEngineKt: okhttp3.Request convertToOkHttpRequest(io.ktor.client.request.HttpRequestData,kotlin.coroutines.CoroutineContext)
androidx.core.app.NotificationCompatBuilder$Api21Impl: android.app.Notification$Builder setSound(android.app.Notification$Builder,android.net.Uri,java.lang.Object)
org.slf4j.event.Level: org.slf4j.event.Level[] values()
io.ktor.client.engine.okhttp.OkHttpWebsocketSession: void onClosed(okhttp3.WebSocket,int,java.lang.String)
androidx.core.view.accessibility.AccessibilityNodeInfoCompat$Api33Impl: androidx.core.view.accessibility.AccessibilityNodeInfoCompat getParent(android.view.accessibility.AccessibilityNodeInfo,int)
android.support.v4.graphics.drawable.IconCompatParcelizer: IconCompatParcelizer()
androidx.compose.ui.platform.AndroidComposeView: androidx.compose.ui.layout.Placeable$PlacementScope getPlacementScope()
kotlin.reflect.jvm.internal.impl.types.error.ErrorTypeKind: kotlin.reflect.jvm.internal.impl.types.error.ErrorTypeKind valueOf(java.lang.String)
kotlin.jvm.internal.CallableReference: kotlin.reflect.KDeclarationContainer getOwner()
io.ktor.client.engine.okhttp.OkHttpConfig: void addInterceptor(okhttp3.Interceptor)