apps/android/app/build/outputs/mapping/release/usage.txt
com.mizibu.retfast.BuildConfig
com.mizibu.retfast.MainActivityKt$EventsList$lambda$42$lambda$41$$inlined$items$default$2
com.mizibu.retfast.R$color
com.mizibu.retfast.R$drawable
com.mizibu.retfast.R$mipmap
com.mizibu.retfast.R$string:
    public static int app_name
    private void <init>()
com.mizibu.retfast.R$style
com.mizibu.retfast.R
com.mizibu.retfast.auth.AuthViewModel$State:
    public static final int $stable
    public void <init>()
    public final boolean component1()
    public final boolean component2()
    public final java.lang.String component3()
    public final com.mizibu.retfast.core.Profile component4()
    public final java.lang.String component5()
    public final boolean component6()
    public final com.mizibu.retfast.core.Profile getProfile()
com.mizibu.retfast.core.EmergencyRef:
    public static final int $stable
    public void <init>(java.lang.String)
    public final java.lang.String component1()
    public final com.mizibu.retfast.core.EmergencyRef copy(java.lang.String)
    public static synthetic com.mizibu.retfast.core.EmergencyRef copy$default(com.mizibu.retfast.core.EmergencyRef,java.lang.String,int,java.lang.Object)
    public final java.lang.String getId()
com.mizibu.retfast.core.EventRow:
    public static final int $stable
    public void <init>(java.lang.String,java.lang.String,java.lang.String,java.lang.String,java.lang.String,java.lang.String,boolean)
    public synthetic void <init>(java.lang.String,java.lang.String,java.lang.String,java.lang.String,java.lang.String,java.lang.String,boolean,int,kotlin.jvm.internal.DefaultConstructorMarker)
    public final java.lang.String component1()
    public final java.lang.String component2()
    public final java.lang.String component3()
    public final java.lang.String component4()
    public final java.lang.String component5()
    public final java.lang.String component6()
    public final boolean component7()
    public final com.mizibu.retfast.core.EventRow copy(java.lang.String,java.lang.String,java.lang.String,java.lang.String,java.lang.String,java.lang.String,boolean)
    public static synthetic com.mizibu.retfast.core.EventRow copy$default(com.mizibu.retfast.core.EventRow,java.lang.String,java.lang.String,java.lang.String,java.lang.String,java.lang.String,java.lang.String,boolean,int,java.lang.Object)
    public final java.lang.String getEndsAt()
    public static synthetic void getEndsAt$annotations()
    public final java.lang.String getStartsAt()
    public static synthetic void getStartsAt$annotations()
    public final java.lang.String getVisibility()
    public final boolean isArchived()
    public static synthetic void isArchived$annotations()
com.mizibu.retfast.core.GeoZone:
    public void <init>(java.lang.String,java.lang.String,java.lang.String,kotlinx.serialization.json.JsonElement)
    public final java.lang.String component1()
    public final java.lang.String component2()
    public final java.lang.String component3()
    public final kotlinx.serialization.json.JsonElement component4()
    public final com.mizibu.retfast.core.GeoZone copy(java.lang.String,java.lang.String,java.lang.String,kotlinx.serialization.json.JsonElement)
    public static synthetic com.mizibu.retfast.core.GeoZone copy$default(com.mizibu.retfast.core.GeoZone,java.lang.String,java.lang.String,java.lang.String,kotlinx.serialization.json.JsonElement,int,java.lang.Object)
    public final kotlinx.serialization.json.JsonElement getGeometry()
    public final java.lang.String getId()
    public final java.lang.String getName()
    public final java.lang.String getZoneType()
    public static synthetic void getZoneType$annotations()
...
io.ktor.network.sockets.Configurable$DefaultImpls
io.ktor.network.sockets.Configurable
io.ktor.network.sockets.ConnectUtilsJvmKt$tcpConnect$1
io.ktor.network.sockets.ConnectUtilsJvmKt
io.ktor.network.sockets.ConnectedDatagramSocket$DefaultImpls
io.ktor.network.sockets.ConnectedDatagramSocket
io.ktor.network.sockets.Connection
io.ktor.network.sockets.Datagram
io.ktor.network.sockets.DatagramKt
io.ktor.network.sockets.DatagramReadChannel$DefaultImpls
io.ktor.network.sockets.DatagramReadChannel
io.ktor.network.sockets.DatagramReadWriteChannel$DefaultImpls
io.ktor.network.sockets.DatagramReadWriteChannel
io.ktor.network.sockets.DatagramSendChannel$send$1
io.ktor.network.sockets.DatagramSendChannel$send$2$1
io.ktor.network.sockets.DatagramSendChannel$sendSuspend$1
io.ktor.network.sockets.DatagramSendChannel
io.ktor.network.sockets.DatagramSendChannelKt
io.ktor.network.sockets.DatagramSocketImpl$receiveSuspend$1
io.ktor.network.sockets.DatagramSocketImpl$receiver$1
io.ktor.network.sockets.DatagramSocketImpl
io.ktor.network.sockets.DatagramWriteChannel$DefaultImpls
io.ktor.network.sockets.DatagramWriteChannel
io.ktor.network.sockets.InetSocketAddress
io.ktor.network.sockets.JavaSocketAddressUtilsKt
io.ktor.network.sockets.JavaSocketOptionsKt
io.ktor.network.sockets.NIOSocketImpl
io.ktor.network.sockets.ReadWriteSocket$DefaultImpls
io.ktor.network.sockets.ReadWriteSocket
io.ktor.network.sockets.ServerSocket$DefaultImpls
io.ktor.network.sockets.ServerSocket
io.ktor.network.sockets.ServerSocketImpl$acceptSuspend$1
io.ktor.network.sockets.ServerSocketImpl
io.ktor.network.sockets.Socket$DefaultImpls
io.ktor.network.sockets.Socket
io.ktor.network.sockets.SocketAddress
io.ktor.network.sockets.SocketAddressJvmKt
io.ktor.network.sockets.SocketAddressKt
io.ktor.network.sockets.SocketBase$attachFor$1
io.ktor.network.sockets.SocketBase
io.ktor.network.sockets.SocketBuilder
io.ktor.network.sockets.SocketImpl$connect$1
io.ktor.network.sockets.SocketImpl
io.ktor.network.sockets.SocketOptions$AcceptorOptions
io.ktor.network.sockets.SocketOptions$Companion
io.ktor.network.sockets.SocketOptions$GeneralSocketOptions
io.ktor.network.sockets.SocketOptions$PeerSocketOptions
io.ktor.network.sockets.SocketOptions$TCPClientSocketOptions
io.ktor.network.sockets.SocketOptions$UDPSocketOptions
io.ktor.network.sockets.SocketOptions
io.ktor.network.sockets.SocketOptionsKt
io.ktor.network.sockets.SocketOptionsPlatformCapabilities
io.ktor.network.sockets.SocketOptionsPlatformCapabilitiesKt
io.ktor.network.sockets.SocketTimeoutExceptionKt
io.ktor.network.sockets.SocketsKt$awaitClosed$1
io.ktor.network.sockets.SocketsKt
io.ktor.network.sockets.TcpSocketBuilder
io.ktor.network.sockets.TypeOfService$Companion
io.ktor.network.sockets.TypeOfService
io.ktor.network.sockets.UDPSocketBuilder
io.ktor.network.sockets.UDPSocketBuilderJvmKt
io.ktor.network.sockets.UnixSocketAddress$Companion
io.ktor.network.sockets.UnixSocketAddress
io.ktor.network.util.PoolsKt
io.ktor.network.util.Timeout$initTimeoutJob$1
io.ktor.network.util.Timeout
io.ktor.network.util.UtilsKt
io.ktor.serialization.ContentConverterKt:
    public static synthetic java.nio.charset.Charset suitableCharsetOrNull$default(io.ktor.http.Headers,java.nio.charset.Charset,int,java.lang.Object)
io.ktor.serialization.JsonConvertException:
    public synthetic void <init>(java.lang.String,java.lang.Throwable,int,kotlin.jvm.internal.DefaultConstructorMarker)
io.ktor.serialization.WebsocketContentConvertException
io.ktor.serialization.WebsocketContentConverter$DefaultImpls
io.ktor.serialization.WebsocketContentConverter
io.ktor.serialization.WebsocketContentConverterKt
io.ktor.serialization.WebsocketConverterNotFoundException
io.ktor.serialization.WebsocketDeserializeException
io.ktor.serialization.kotlinx.ExtensionsJvmKt:
    public static synthetic void getProviders$annotations()